[ 2023-08-27 10:50:20,628 ] 23 root - INFO - Data ingestion is initiated
[ 2023-08-27 10:50:20,926 ] 27 root - INFO - Data read as dataframe
[ 2023-08-27 10:50:22,879 ] 33 root - INFO - Data saved in file raw.csv
[ 2023-08-27 10:50:22,879 ] 35 root - INFO - Data splited into training and testing
[ 2023-08-27 10:50:24,512 ] 40 root - INFO - Training data is saved in train.csv
[ 2023-08-27 10:50:24,973 ] 42 root - INFO - Testing data is saved in test.csv
[ 2023-08-27 10:50:24,989 ] 66 root - INFO - Data transformation is initiated
[ 2023-08-27 10:50:24,989 ] 68 root - INFO - Reading testing and training data
[ 2023-08-27 10:50:25,260 ] 72 root - INFO - Data reading completed successfully
[ 2023-08-27 10:50:25,269 ] 34 root - INFO - Pipeline creation is initiated
[ 2023-08-27 10:50:25,270 ] 57 root - INFO - Pipeline creation is done successfully
[ 2023-08-27 10:50:25,800 ] 91 root - INFO - Data transformation is completed
[ 2023-08-27 10:50:25,800 ] 12 root - INFO - Save Obj is initiated
[ 2023-08-27 10:50:25,801 ] 20 root - INFO - Obj is saved
[ 2023-08-27 10:50:25,801 ] 97 root - INFO - Pickle file saved.
[ 2023-08-27 10:50:25,806 ] 21 root - INFO - Spliting the data into train and test
[ 2023-08-27 10:50:25,807 ] 32 root - INFO - Checking for model report
[ 2023-08-27 10:50:25,807 ] 29 root - INFO - Model Evaluation is started
[ 2023-08-27 10:50:25,807 ] 34 root - INFO - Model fitted
[ 2023-08-27 10:50:26,074 ] 38 root - INFO - Model has predicted y
[ 2023-08-27 10:50:26,076 ] 41 root - INFO - Model checked the accuracy
[ 2023-08-27 10:50:26,077 ] 34 root - INFO - Model fitted
[ 2023-08-27 10:52:19,908 ] 38 root - INFO - Model has predicted y
[ 2023-08-27 10:52:19,911 ] 41 root - INFO - Model checked the accuracy
[ 2023-08-27 10:52:19,911 ] 34 root - INFO - Model fitted
[ 2023-08-27 10:52:20,253 ] 38 root - INFO - Model has predicted y
[ 2023-08-27 10:52:20,255 ] 41 root - INFO - Model checked the accuracy
[ 2023-08-27 10:52:20,255 ] 34 root - INFO - Model fitted
[ 2023-08-27 10:52:24,965 ] 38 root - INFO - Model has predicted y
[ 2023-08-27 10:52:24,968 ] 41 root - INFO - Model checked the accuracy
[ 2023-08-27 10:52:24,968 ] 35 root - INFO - Model accuracy report obtained
[ 2023-08-27 10:52:24,968 ] 36 root - INFO - {'LinearRegression': 0.936729558744127, 'Lasso': 0.9370467381780303, 'Ridge': 0.9367264155270141, 'ElasticNet': 0.8539435628738254}
[ 2023-08-27 10:52:24,968 ] 48 root - INFO - Best model found, Lasso, Best model accuracy,0.9370467381780303
[ 2023-08-27 10:52:24,989 ] 12 root - INFO - Save Obj is initiated
[ 2023-08-27 10:52:24,989 ] 20 root - INFO - Obj is saved
[ 2023-08-27 10:52:24,989 ] 57 root - INFO - Best Model obj is saved
